Using pre-set license
Built from '2020.3/staging' branch; Version is '2020.3.19f1 (68f137dc9bbe) revision 6877495'; Using compiler version '192528614'; Build Type 'Release'
OS: 'Windows 10 Home; OS build 19043.1237; Version 2009; 64bit' Language: 'en' Physical Memory: 15791 MB
BatchMode: 1, IsHumanControllingUs: 0, StartBugReporterOnCrash: 0, Is64bit: 1, IsPro: 0

COMMAND LINE ARGUMENTS:
D:\Apps\Unity\2020.3.19f1\Editor\Unity.exe
-adb2
-batchMode
-noUpm
-name
AssetImportWorker0
-projectPath
D:/GitHub/Ludum-Dare-49
-logFile
Logs/AssetImportWorker0.log
-srvPort
53611
Successfully changed project path to: D:/GitHub/Ludum-Dare-49
D:/GitHub/Ludum-Dare-49
Using Asset Import Pipeline V2.
Refreshing native plugins compatible for Editor in 53.32 ms, found 3 plugins.
Preloading 0 native plugins for Editor in 0.00 ms.
Initialize engine version: 2020.3.19f1 (68f137dc9bbe)
[Subsystems] Discovering subsystems at path D:/Apps/Unity/2020.3.19f1/Editor/Data/Resources/UnitySubsystems
[Subsystems] Discovering subsystems at path D:/GitHub/Ludum-Dare-49/Assets
GfxDevice: creating device client; threaded=0
Direct3D:
    Version:  Direct3D 11.0 [level 11.1]
    Renderer: NVIDIA GeForce GTX 1650 (ID=0x1f99)
    Vendor:   
    VRAM:     3962 MB
    Driver:   27.21.14.5763
Initialize mono
Mono path[0] = 'D:/Apps/Unity/2020.3.19f1/Editor/Data/Managed'
Mono path[1] = 'D:/Apps/Unity/2020.3.19f1/Editor/Data/MonoBleedingEdge/lib/mono/unityjit'
Mono config path = 'D:/Apps/Unity/2020.3.19f1/Editor/Data/MonoBleedingEdge/etc'
Using monoOptions --debugger-agent=transport=dt_socket,embedding=1,server=y,suspend=n,address=127.0.0.1:56244
Begin MonoManager ReloadAssembly
Registering precompiled unity dll's ...
Register platform support module: D:/Apps/Unity/2020.3.19f1/Editor/Data/PlaybackEngines/WindowsStandaloneSupport/UnityEditor.WindowsStandalone.Extensions.dll
Registered in 0.001152 seconds.
Native extension for WindowsStandalone target not found
Refreshing native plugins compatible for Editor in 52.05 ms, found 3 plugins.
Preloading 0 native plugins for Editor in 0.00 ms.
Mono: successfully reloaded assembly
- Completed reload, in  1.279 seconds
Domain Reload Profiling:
	ReloadAssembly (1280ms)
		BeginReloadAssembly (61ms)
			ExecutionOrderSort (0ms)
			DisableScriptedObjects (0ms)
			BackupInstance (0ms)
			ReleaseScriptingObjects (0ms)
			CreateAndSetChildDomain (1ms)
		EndReloadAssembly (503ms)
			LoadAssemblies (60ms)
			RebuildTransferFunctionScriptingTraits (0ms)
			SetupTypeCache (135ms)
			ReleaseScriptCaches (0ms)
			RebuildScriptCaches (31ms)
			SetupLoadedEditorAssemblies (177ms)
				LogAssemblyErrors (0ms)
				InitializePlatformSupportModulesInManaged (4ms)
				SetLoadedEditorAssemblies (0ms)
				RefreshPlugins (52ms)
				BeforeProcessingInitializeOnLoad (16ms)
				ProcessInitializeOnLoadAttributes (73ms)
				ProcessInitializeOnLoadMethodAttributes (31ms)
				AfterProcessingInitializeOnLoad (0ms)
				EditorAssembliesLoaded (0ms)
			ExecutionOrderSort2 (0ms)
			AwakeInstancesAfterBackupRestoration (0ms)
Platform modules already initialized, skipping
Registering precompiled user dll's ...
Registered in 0.004981 seconds.
Begin MonoManager ReloadAssembly
Native extension for WindowsStandalone target not found
Refreshing native plugins compatible for Editor in 53.03 ms, found 3 plugins.
Preloading 0 native plugins for Editor in 0.00 ms.
[ScriptCompilation] NOT recompiling all scripts because this is an import worker process. Reason to compile was: Define symbols changed
Mono: successfully reloaded assembly
- Completed reload, in  1.103 seconds
Domain Reload Profiling:
	ReloadAssembly (1104ms)
		BeginReloadAssembly (147ms)
			ExecutionOrderSort (0ms)
			DisableScriptedObjects (4ms)
			BackupInstance (0ms)
			ReleaseScriptingObjects (0ms)
			CreateAndSetChildDomain (18ms)
		EndReloadAssembly (900ms)
			LoadAssemblies (103ms)
			RebuildTransferFunctionScriptingTraits (0ms)
			SetupTypeCache (285ms)
			ReleaseScriptCaches (1ms)
			RebuildScriptCaches (48ms)
			SetupLoadedEditorAssemblies (361ms)
				LogAssemblyErrors (0ms)
				InitializePlatformSupportModulesInManaged (3ms)
				SetLoadedEditorAssemblies (0ms)
				RefreshPlugins (53ms)
				BeforeProcessingInitializeOnLoad (71ms)
				ProcessInitializeOnLoadAttributes (219ms)
				ProcessInitializeOnLoadMethodAttributes (13ms)
				AfterProcessingInitializeOnLoad (2ms)
				EditorAssembliesLoaded (0ms)
			ExecutionOrderSort2 (0ms)
			AwakeInstancesAfterBackupRestoration (6ms)
Platform modules already initialized, skipping
========================================================================
Worker process is ready to serve import requests
Launched and connected shader compiler UnityShaderCompiler.exe after 0.06 seconds
Refreshing native plugins compatible for Editor in 0.82 ms, found 3 plugins.
Preloading 0 native plugins for Editor in 0.00 ms.
Unloading 2288 Unused Serialized files (Serialized files now loaded: 0)
System memory in use before: 108.7 MB.
System memory in use after: 108.5 MB.

Unloading 30 unused Assets to reduce memory usage. Loaded Objects now: 2734.
Total: 4.174100 ms (FindLiveObjects: 0.338500 ms CreateObjectMapping: 0.116200 ms MarkObjects: 3.421300 ms  DeleteObjects: 0.296300 ms)

AssetImportParameters requested are different than current active one (requested -> active):
  custom:framework-win-MediaFoundation: 216162199b28c13a410421893ffa2e32 -> 
  custom:video-decoder-ogg-theora: a1e56fd34408186e4bbccfd4996cb3dc -> 
  custom:container-muxer-webm: aa71ff27fc2769a1b78a27578f13a17b -> 
  custom:container-demuxer-webm: 4f35f7cbe854078d1ac9338744f61a02 -> 
  custom:container-demuxer-ogg: 62fdf1f143b41e24485cea50d1cbac27 -> 
  custom:video-encoder-webm-vp8: eb34c28f22e8b96e1ab97ce403110664 -> 
  custom:video-codec-MediaFoundation-h265: 746d11721c4dcdbdad8f713fa42b33f4 -> 
  custom:video-decoder-webm-vp8: 9c59270c3fd7afecdb556c50c9e8de78 -> 
  custom:audio-decoder-ogg-vorbis: bf7c407c2cedff20999df2af8eb42d56 -> 
  custom:audio-encoder-webm-vorbis: bf7c407c2cedff20999df2af8eb42d56 -> 
========================================================================
Received Import Request.
  path: Assets/Prefabs
  artifactKey: Guid(8f7a2c591c8cb414abbdc67dff77785f) Importer(815301076,1909f56bfc062723c751e8b465ee728b)
Start importing Assets/Prefabs using Guid(8f7a2c591c8cb414abbdc67dff77785f) Importer(815301076,1909f56bfc062723c751e8b465ee728b)  -> (artifact id: '05085df782b3a827cca5463683f7f083') in 0.093787 seconds 
  Import took 0.097336 seconds .

========================================================================
Received Import Request.
  Time since last request: 8.233365 seconds.
  path: Assets/Prefabs/Logo.prefab
  artifactKey: Guid(7f6fd3820e2a4b3488b30bd6992c0e62) Importer(815301076,1909f56bfc062723c751e8b465ee728b)
Start importing Assets/Prefabs/Logo.prefab using Guid(7f6fd3820e2a4b3488b30bd6992c0e62) Importer(815301076,1909f56bfc062723c751e8b465ee728b)  -> (artifact id: '058359961892831c43a20cc0f0211446') in 0.060492 seconds 
  Import took 0.064121 seconds .

========================================================================
Received Import Request.
  Time since last request: 7.320740 seconds.
  path: Assets
  artifactKey: Guid(00000000000000001000000000000000) Importer(815301076,1909f56bfc062723c751e8b465ee728b)
Start importing Assets using Guid(00000000000000001000000000000000) Importer(815301076,1909f56bfc062723c751e8b465ee728b)  -> (artifact id: '42d402b061de3733987d63b9cc3b64de') in 0.009385 seconds 
  Import took 0.013376 seconds .

========================================================================
Received Import Request.
  Time since last request: 4.100729 seconds.
  path: Assets/Data
  artifactKey: Guid(efa2d306b9b8e6540a7afd9effeddbfd) Importer(815301076,1909f56bfc062723c751e8b465ee728b)
Start importing Assets/Data using Guid(efa2d306b9b8e6540a7afd9effeddbfd) Importer(815301076,1909f56bfc062723c751e8b465ee728b)  -> (artifact id: 'a12455b1af771b20295337e22503c4aa') in 0.007729 seconds 
  Import took 0.011482 seconds .

========================================================================
Received Import Request.
  Time since last request: 131.140299 seconds.
  path: Assets/Scripts
  artifactKey: Guid(02a3527b6b33a924e8ec66aa805ea717) Importer(815301076,1909f56bfc062723c751e8b465ee728b)
Start importing Assets/Scripts using Guid(02a3527b6b33a924e8ec66aa805ea717) Importer(815301076,1909f56bfc062723c751e8b465ee728b)  -> (artifact id: '3d22bec3b2937c29cd085e1506c06094') in 0.008336 seconds 
  Import took 0.013024 seconds .

========================================================================
Received Import Request.
  Time since last request: 4.250292 seconds.
  path: Assets/Scripts/State
  artifactKey: Guid(43fe7c2e2a76ca445bc6c9432c6237aa) Importer(815301076,1909f56bfc062723c751e8b465ee728b)
Start importing Assets/Scripts/State using Guid(43fe7c2e2a76ca445bc6c9432c6237aa) Importer(815301076,1909f56bfc062723c751e8b465ee728b)  -> (artifact id: '1b152f52204f707ed2c632763789fcad') in 0.007171 seconds 
  Import took 0.010606 seconds .

========================================================================
Received Import Request.
  Time since last request: 5.247650 seconds.
  path: Assets/Scripts/State/State.cs
  artifactKey: Guid(11c6cd3125f70c64f91516daba6acc62) Importer(815301076,1909f56bfc062723c751e8b465ee728b)
Start importing Assets/Scripts/State/State.cs using Guid(11c6cd3125f70c64f91516daba6acc62) Importer(815301076,1909f56bfc062723c751e8b465ee728b)  -> (artifact id: '58430f600f7970de3b5b529bb8d0a5d2') in 0.008894 seconds 
  Import took 0.012747 seconds .

========================================================================
Received Prepare
Registering precompiled user dll's ...
Registered in 0.003236 seconds.
Begin MonoManager ReloadAssembly
Native extension for WindowsStandalone target not found
Refreshing native plugins compatible for Editor in 0.63 ms, found 3 plugins.
Preloading 0 native plugins for Editor in 0.00 ms.
[ScriptCompilation] NOT recompiling all scripts because this is an import worker process. Reason to compile was: Define symbols changed
Mono: successfully reloaded assembly
- Completed reload, in  0.978 seconds
Domain Reload Profiling:
	ReloadAssembly (979ms)
		BeginReloadAssembly (130ms)
			ExecutionOrderSort (0ms)
			DisableScriptedObjects (6ms)
			BackupInstance (0ms)
			ReleaseScriptingObjects (0ms)
			CreateAndSetChildDomain (37ms)
		EndReloadAssembly (792ms)
			LoadAssemblies (103ms)
			RebuildTransferFunctionScriptingTraits (0ms)
			SetupTypeCache (275ms)
			ReleaseScriptCaches (1ms)
			RebuildScriptCaches (41ms)
			SetupLoadedEditorAssemblies (287ms)
				LogAssemblyErrors (0ms)
				InitializePlatformSupportModulesInManaged (4ms)
				SetLoadedEditorAssemblies (0ms)
				RefreshPlugins (1ms)
				BeforeProcessingInitializeOnLoad (73ms)
				ProcessInitializeOnLoadAttributes (200ms)
				ProcessInitializeOnLoadMethodAttributes (6ms)
				AfterProcessingInitializeOnLoad (2ms)
				EditorAssembliesLoaded (0ms)
			ExecutionOrderSort2 (0ms)
			AwakeInstancesAfterBackupRestoration (10ms)
Platform modules already initialized, skipping
Refreshing native plugins compatible for Editor in 0.56 ms, found 3 plugins.
Preloading 0 native plugins for Editor in 0.00 ms.
Unloading 2247 Unused Serialized files (Serialized files now loaded: 0)
System memory in use before: 105.1 MB.
System memory in use after: 104.9 MB.

Unloading 18 unused Assets to reduce memory usage. Loaded Objects now: 2738.
Total: 4.173500 ms (FindLiveObjects: 0.272500 ms CreateObjectMapping: 0.058800 ms MarkObjects: 3.538800 ms  DeleteObjects: 0.296700 ms)

AssetImportParameters requested are different than current active one (requested -> active):
  custom:framework-win-MediaFoundation: 216162199b28c13a410421893ffa2e32 -> 
  custom:video-decoder-ogg-theora: a1e56fd34408186e4bbccfd4996cb3dc -> 
  custom:container-muxer-webm: aa71ff27fc2769a1b78a27578f13a17b -> 
  custom:container-demuxer-webm: 4f35f7cbe854078d1ac9338744f61a02 -> 
  custom:container-demuxer-ogg: 62fdf1f143b41e24485cea50d1cbac27 -> 
  custom:video-encoder-webm-vp8: eb34c28f22e8b96e1ab97ce403110664 -> 
  custom:video-codec-MediaFoundation-h265: 746d11721c4dcdbdad8f713fa42b33f4 -> 
  custom:video-decoder-webm-vp8: 9c59270c3fd7afecdb556c50c9e8de78 -> 
  custom:audio-decoder-ogg-vorbis: bf7c407c2cedff20999df2af8eb42d56 -> 
  custom:audio-encoder-webm-vorbis: bf7c407c2cedff20999df2af8eb42d56 -> 
========================================================================
Received Import Request.
  Time since last request: 55.106896 seconds.
  path: Assets/Scripts/State/State.cs
  artifactKey: Guid(11c6cd3125f70c64f91516daba6acc62) Importer(815301076,1909f56bfc062723c751e8b465ee728b)
Start importing Assets/Scripts/State/State.cs using Guid(11c6cd3125f70c64f91516daba6acc62) Importer(815301076,1909f56bfc062723c751e8b465ee728b)  -> (artifact id: 'cf3e0e6dc6fcb95efc0f6e02db6f50c8') in 0.006226 seconds 
  Import took 0.010160 seconds .

========================================================================
Received Import Request.
  Time since last request: 53.468853 seconds.
  path: Assets/Scripts/State/State.cs
  artifactKey: Guid(11c6cd3125f70c64f91516daba6acc62) Importer(815301076,1909f56bfc062723c751e8b465ee728b)
Start importing Assets/Scripts/State/State.cs using Guid(11c6cd3125f70c64f91516daba6acc62) Importer(815301076,1909f56bfc062723c751e8b465ee728b)  -> (artifact id: 'c864e788b1dadcc1411f561e081ca18c') in 0.003816 seconds 
  Import took 0.007718 seconds .

========================================================================
Received Import Request.
  Time since last request: 18.348731 seconds.
  path: Assets/Scripts/State/State.cs
  artifactKey: Guid(11c6cd3125f70c64f91516daba6acc62) Importer(815301076,1909f56bfc062723c751e8b465ee728b)
Start importing Assets/Scripts/State/State.cs using Guid(11c6cd3125f70c64f91516daba6acc62) Importer(815301076,1909f56bfc062723c751e8b465ee728b)  -> (artifact id: '77c57bbce099ab871fde90d27f7e5839') in 0.003071 seconds 
  Import took 0.006778 seconds .

========================================================================
Received Import Request.
  Time since last request: 32.331141 seconds.
  path: Assets/Scripts/State/State.cs
  artifactKey: Guid(11c6cd3125f70c64f91516daba6acc62) Importer(815301076,1909f56bfc062723c751e8b465ee728b)
Start importing Assets/Scripts/State/State.cs using Guid(11c6cd3125f70c64f91516daba6acc62) Importer(815301076,1909f56bfc062723c751e8b465ee728b)  -> (artifact id: '3cc43d858743a900be251d0a740f0bc3') in 0.003552 seconds 
  Import took 0.008093 seconds .

========================================================================
Received Import Request.
  Time since last request: 40.704457 seconds.
  path: Assets/Scripts/State/State.cs
  artifactKey: Guid(11c6cd3125f70c64f91516daba6acc62) Importer(815301076,1909f56bfc062723c751e8b465ee728b)
Start importing Assets/Scripts/State/State.cs using Guid(11c6cd3125f70c64f91516daba6acc62) Importer(815301076,1909f56bfc062723c751e8b465ee728b)  -> (artifact id: '01c42397cbbf878b449fccb7091c1bbe') in 0.003484 seconds 
  Import took 0.007830 seconds .

========================================================================
Received Import Request.
  Time since last request: 27.924192 seconds.
  path: Assets/Scripts/State/State.cs
  artifactKey: Guid(11c6cd3125f70c64f91516daba6acc62) Importer(815301076,1909f56bfc062723c751e8b465ee728b)
Start importing Assets/Scripts/State/State.cs using Guid(11c6cd3125f70c64f91516daba6acc62) Importer(815301076,1909f56bfc062723c751e8b465ee728b)  -> (artifact id: '69d73a9933f105c9e09e76ffd97aafc8') in 0.003325 seconds 
  Import took 0.006821 seconds .

========================================================================
Received Import Request.
  Time since last request: 47.644323 seconds.
  path: Assets/Scripts/State/State.cs
  artifactKey: Guid(11c6cd3125f70c64f91516daba6acc62) Importer(815301076,1909f56bfc062723c751e8b465ee728b)
Start importing Assets/Scripts/State/State.cs using Guid(11c6cd3125f70c64f91516daba6acc62) Importer(815301076,1909f56bfc062723c751e8b465ee728b)  -> (artifact id: '8b908111470e2e1f561e2b694fc1b18a') in 0.003290 seconds 
  Import took 0.007097 seconds .

========================================================================
Received Import Request.
  Time since last request: 37.302177 seconds.
  path: Assets/Scripts/Entities
  artifactKey: Guid(27b241eba55c0994cae39a636670840e) Importer(815301076,1909f56bfc062723c751e8b465ee728b)
Start importing Assets/Scripts/Entities using Guid(27b241eba55c0994cae39a636670840e) Importer(815301076,1909f56bfc062723c751e8b465ee728b)  -> (artifact id: '94418dc1a2dab75ea267326eddb6ba5f') in 0.009332 seconds 
  Import took 0.013326 seconds .

========================================================================
Received Import Request.
  Time since last request: 6.929604 seconds.
  path: Assets/Scripts/Entities/IBaseEntity.cs
  artifactKey: Guid(d64a3fe0a51e0a04c88b4e161f4aeeec) Importer(815301076,1909f56bfc062723c751e8b465ee728b)
Start importing Assets/Scripts/Entities/IBaseEntity.cs using Guid(d64a3fe0a51e0a04c88b4e161f4aeeec) Importer(815301076,1909f56bfc062723c751e8b465ee728b)  -> (artifact id: 'a8fe4d86f3d00d4817baebfde429a774') in 0.022271 seconds 
  Import took 0.026267 seconds .

========================================================================
Received Import Request.
  Time since last request: 9.182324 seconds.
  path: Assets/Scripts/Entities/IBaseEntity.cs
  artifactKey: Guid(d64a3fe0a51e0a04c88b4e161f4aeeec) Importer(815301076,1909f56bfc062723c751e8b465ee728b)
Start importing Assets/Scripts/Entities/IBaseEntity.cs using Guid(d64a3fe0a51e0a04c88b4e161f4aeeec) Importer(815301076,1909f56bfc062723c751e8b465ee728b)  -> (artifact id: '7c659dd6e0bd64949597baf39f520733') in 0.005922 seconds 
  Import took 0.010948 seconds .

========================================================================
Received Prepare
Registering precompiled user dll's ...
Registered in 0.004358 seconds.
Begin MonoManager ReloadAssembly
Native extension for WindowsStandalone target not found
Refreshing native plugins compatible for Editor in 0.57 ms, found 3 plugins.
Preloading 0 native plugins for Editor in 0.00 ms.
[ScriptCompilation] NOT recompiling all scripts because this is an import worker process. Reason to compile was: Define symbols changed
Mono: successfully reloaded assembly
- Completed reload, in  0.953 seconds
Domain Reload Profiling:
	ReloadAssembly (954ms)
		BeginReloadAssembly (120ms)
			ExecutionOrderSort (0ms)
			DisableScriptedObjects (6ms)
			BackupInstance (0ms)
			ReleaseScriptingObjects (0ms)
			CreateAndSetChildDomain (34ms)
		EndReloadAssembly (781ms)
			LoadAssemblies (99ms)
			RebuildTransferFunctionScriptingTraits (0ms)
			SetupTypeCache (276ms)
			ReleaseScriptCaches (1ms)
			RebuildScriptCaches (41ms)
			SetupLoadedEditorAssemblies (284ms)
				LogAssemblyErrors (0ms)
				InitializePlatformSupportModulesInManaged (4ms)
				SetLoadedEditorAssemblies (0ms)
				RefreshPlugins (1ms)
				BeforeProcessingInitializeOnLoad (70ms)
				ProcessInitializeOnLoadAttributes (201ms)
				ProcessInitializeOnLoadMethodAttributes (6ms)
				AfterProcessingInitializeOnLoad (3ms)
				EditorAssembliesLoaded (0ms)
			ExecutionOrderSort2 (0ms)
			AwakeInstancesAfterBackupRestoration (10ms)
Platform modules already initialized, skipping
Refreshing native plugins compatible for Editor in 0.57 ms, found 3 plugins.
Preloading 0 native plugins for Editor in 0.00 ms.
Unloading 2248 Unused Serialized files (Serialized files now loaded: 0)
System memory in use before: 105.2 MB.
System memory in use after: 105.0 MB.

Unloading 18 unused Assets to reduce memory usage. Loaded Objects now: 2742.
Total: 4.797600 ms (FindLiveObjects: 0.320100 ms CreateObjectMapping: 0.113200 ms MarkObjects: 4.061700 ms  DeleteObjects: 0.300900 ms)

AssetImportParameters requested are different than current active one (requested -> active):
  custom:framework-win-MediaFoundation: 216162199b28c13a410421893ffa2e32 -> 
  custom:video-decoder-ogg-theora: a1e56fd34408186e4bbccfd4996cb3dc -> 
  custom:container-muxer-webm: aa71ff27fc2769a1b78a27578f13a17b -> 
  custom:container-demuxer-webm: 4f35f7cbe854078d1ac9338744f61a02 -> 
  custom:container-demuxer-ogg: 62fdf1f143b41e24485cea50d1cbac27 -> 
  custom:video-encoder-webm-vp8: eb34c28f22e8b96e1ab97ce403110664 -> 
  custom:video-codec-MediaFoundation-h265: 746d11721c4dcdbdad8f713fa42b33f4 -> 
  custom:video-decoder-webm-vp8: 9c59270c3fd7afecdb556c50c9e8de78 -> 
  custom:audio-decoder-ogg-vorbis: bf7c407c2cedff20999df2af8eb42d56 -> 
  custom:audio-encoder-webm-vorbis: bf7c407c2cedff20999df2af8eb42d56 -> 
========================================================================
Received Prepare
Registering precompiled user dll's ...
Registered in 0.003247 seconds.
Begin MonoManager ReloadAssembly
Native extension for WindowsStandalone target not found
Refreshing native plugins compatible for Editor in 0.55 ms, found 3 plugins.
Preloading 0 native plugins for Editor in 0.00 ms.
[ScriptCompilation] NOT recompiling all scripts because this is an import worker process. Reason to compile was: Define symbols changed
Mono: successfully reloaded assembly
- Completed reload, in  0.924 seconds
Domain Reload Profiling:
	ReloadAssembly (925ms)
		BeginReloadAssembly (117ms)
			ExecutionOrderSort (0ms)
			DisableScriptedObjects (6ms)
			BackupInstance (0ms)
			ReleaseScriptingObjects (0ms)
			CreateAndSetChildDomain (36ms)
		EndReloadAssembly (753ms)
			LoadAssemblies (102ms)
			RebuildTransferFunctionScriptingTraits (0ms)
			SetupTypeCache (262ms)
			ReleaseScriptCaches (1ms)
			RebuildScriptCaches (40ms)
			SetupLoadedEditorAssemblies (272ms)
				LogAssemblyErrors (0ms)
				InitializePlatformSupportModulesInManaged (4ms)
				SetLoadedEditorAssemblies (0ms)
				RefreshPlugins (1ms)
				BeforeProcessingInitializeOnLoad (68ms)
				ProcessInitializeOnLoadAttributes (192ms)
				ProcessInitializeOnLoadMethodAttributes (5ms)
				AfterProcessingInitializeOnLoad (2ms)
				EditorAssembliesLoaded (0ms)
			ExecutionOrderSort2 (0ms)
			AwakeInstancesAfterBackupRestoration (9ms)
Platform modules already initialized, skipping
Refreshing native plugins compatible for Editor in 0.55 ms, found 3 plugins.
Preloading 0 native plugins for Editor in 0.00 ms.
Unloading 2248 Unused Serialized files (Serialized files now loaded: 0)
System memory in use before: 105.2 MB.
System memory in use after: 105.0 MB.

Unloading 18 unused Assets to reduce memory usage. Loaded Objects now: 2745.
Total: 4.005200 ms (FindLiveObjects: 0.318900 ms CreateObjectMapping: 0.113100 ms MarkObjects: 3.256000 ms  DeleteObjects: 0.315400 ms)

AssetImportParameters requested are different than current active one (requested -> active):
  custom:framework-win-MediaFoundation: 216162199b28c13a410421893ffa2e32 -> 
  custom:video-decoder-ogg-theora: a1e56fd34408186e4bbccfd4996cb3dc -> 
  custom:container-muxer-webm: aa71ff27fc2769a1b78a27578f13a17b -> 
  custom:container-demuxer-webm: 4f35f7cbe854078d1ac9338744f61a02 -> 
  custom:container-demuxer-ogg: 62fdf1f143b41e24485cea50d1cbac27 -> 
  custom:video-encoder-webm-vp8: eb34c28f22e8b96e1ab97ce403110664 -> 
  custom:video-codec-MediaFoundation-h265: 746d11721c4dcdbdad8f713fa42b33f4 -> 
  custom:video-decoder-webm-vp8: 9c59270c3fd7afecdb556c50c9e8de78 -> 
  custom:audio-decoder-ogg-vorbis: bf7c407c2cedff20999df2af8eb42d56 -> 
  custom:audio-encoder-webm-vorbis: bf7c407c2cedff20999df2af8eb42d56 -> 
========================================================================
Received Import Request.
  Time since last request: 135.562750 seconds.
  path: Assets/Scripts/Entities/IBaseEntity.cs
  artifactKey: Guid(d64a3fe0a51e0a04c88b4e161f4aeeec) Importer(815301076,1909f56bfc062723c751e8b465ee728b)
Start importing Assets/Scripts/Entities/IBaseEntity.cs using Guid(d64a3fe0a51e0a04c88b4e161f4aeeec) Importer(815301076,1909f56bfc062723c751e8b465ee728b)  -> (artifact id: 'c85d261dbf64dff6c17d21bc35ef3da9') in 0.005614 seconds 
  Import took 0.008986 seconds .

========================================================================
Received Import Request.
  Time since last request: 9.706157 seconds.
  path: Assets/Scripts/Loading
  artifactKey: Guid(cf485e620501ad14fb1abd5308c26ca2) Importer(815301076,1909f56bfc062723c751e8b465ee728b)
Start importing Assets/Scripts/Loading using Guid(cf485e620501ad14fb1abd5308c26ca2) Importer(815301076,1909f56bfc062723c751e8b465ee728b)  -> (artifact id: 'ed0e394ce897ad55c65d9555763856b9') in 0.007413 seconds 
  Import took 0.011908 seconds .

========================================================================
Received Import Request.
  Time since last request: 18.373109 seconds.
  path: Assets/Scripts/Loading/ILoadableObject.cs
  artifactKey: Guid(6de62d0b3f3bc5e4591ccd6cf0c008bb) Importer(815301076,1909f56bfc062723c751e8b465ee728b)
Start importing Assets/Scripts/Loading/ILoadableObject.cs using Guid(6de62d0b3f3bc5e4591ccd6cf0c008bb) Importer(815301076,1909f56bfc062723c751e8b465ee728b)  -> (artifact id: '8f4e1b9e62e30fbc742424be01eb16fa') in 0.008616 seconds 
  Import took 0.012968 seconds .

========================================================================
Received Prepare
Registering precompiled user dll's ...
Registered in 0.003304 seconds.
Begin MonoManager ReloadAssembly
Native extension for WindowsStandalone target not found
Refreshing native plugins compatible for Editor in 0.57 ms, found 3 plugins.
Preloading 0 native plugins for Editor in 0.00 ms.
[ScriptCompilation] NOT recompiling all scripts because this is an import worker process. Reason to compile was: Define symbols changed
Mono: successfully reloaded assembly
- Completed reload, in  0.973 seconds
Domain Reload Profiling:
	ReloadAssembly (974ms)
		BeginReloadAssembly (127ms)
			ExecutionOrderSort (0ms)
			DisableScriptedObjects (5ms)
			BackupInstance (0ms)
			ReleaseScriptingObjects (0ms)
			CreateAndSetChildDomain (36ms)
		EndReloadAssembly (791ms)
			LoadAssemblies (103ms)
			RebuildTransferFunctionScriptingTraits (0ms)
			SetupTypeCache (285ms)
			ReleaseScriptCaches (1ms)
			RebuildScriptCaches (41ms)
			SetupLoadedEditorAssemblies (285ms)
				LogAssemblyErrors (0ms)
				InitializePlatformSupportModulesInManaged (5ms)
				SetLoadedEditorAssemblies (0ms)
				RefreshPlugins (1ms)
				BeforeProcessingInitializeOnLoad (70ms)
				ProcessInitializeOnLoadAttributes (201ms)
				ProcessInitializeOnLoadMethodAttributes (5ms)
				AfterProcessingInitializeOnLoad (2ms)
				EditorAssembliesLoaded (0ms)
			ExecutionOrderSort2 (0ms)
			AwakeInstancesAfterBackupRestoration (9ms)
Platform modules already initialized, skipping
Refreshing native plugins compatible for Editor in 0.54 ms, found 3 plugins.
Preloading 0 native plugins for Editor in 0.00 ms.
Unloading 2249 Unused Serialized files (Serialized files now loaded: 0)
System memory in use before: 105.2 MB.
System memory in use after: 105.0 MB.

Unloading 18 unused Assets to reduce memory usage. Loaded Objects now: 2749.
Total: 3.401100 ms (FindLiveObjects: 0.249400 ms CreateObjectMapping: 0.059000 ms MarkObjects: 2.769600 ms  DeleteObjects: 0.321900 ms)

AssetImportParameters requested are different than current active one (requested -> active):
  custom:framework-win-MediaFoundation: 216162199b28c13a410421893ffa2e32 -> 
  custom:video-decoder-ogg-theora: a1e56fd34408186e4bbccfd4996cb3dc -> 
  custom:container-muxer-webm: aa71ff27fc2769a1b78a27578f13a17b -> 
  custom:container-demuxer-webm: 4f35f7cbe854078d1ac9338744f61a02 -> 
  custom:container-demuxer-ogg: 62fdf1f143b41e24485cea50d1cbac27 -> 
  custom:video-encoder-webm-vp8: eb34c28f22e8b96e1ab97ce403110664 -> 
  custom:video-codec-MediaFoundation-h265: 746d11721c4dcdbdad8f713fa42b33f4 -> 
  custom:video-decoder-webm-vp8: 9c59270c3fd7afecdb556c50c9e8de78 -> 
  custom:audio-decoder-ogg-vorbis: bf7c407c2cedff20999df2af8eb42d56 -> 
  custom:audio-encoder-webm-vorbis: bf7c407c2cedff20999df2af8eb42d56 -> 
========================================================================
Received Import Request.
  Time since last request: 14.786239 seconds.
  path: Assets/Scripts/Loading/ILoadableObject.cs
  artifactKey: Guid(6de62d0b3f3bc5e4591ccd6cf0c008bb) Importer(815301076,1909f56bfc062723c751e8b465ee728b)
Start importing Assets/Scripts/Loading/ILoadableObject.cs using Guid(6de62d0b3f3bc5e4591ccd6cf0c008bb) Importer(815301076,1909f56bfc062723c751e8b465ee728b)  -> (artifact id: 'b432d53f9974197908bd43e8fb8353c0') in 0.007876 seconds 
  Import took 0.013012 seconds .

========================================================================
Received Prepare
Registering precompiled user dll's ...
Registered in 0.003272 seconds.
Begin MonoManager ReloadAssembly
Native extension for WindowsStandalone target not found
Refreshing native plugins compatible for Editor in 0.57 ms, found 3 plugins.
Preloading 0 native plugins for Editor in 0.00 ms.
[ScriptCompilation] NOT recompiling all scripts because this is an import worker process. Reason to compile was: Define symbols changed
Mono: successfully reloaded assembly
- Completed reload, in  0.946 seconds
Domain Reload Profiling:
	ReloadAssembly (947ms)
		BeginReloadAssembly (124ms)
			ExecutionOrderSort (0ms)
			DisableScriptedObjects (5ms)
			BackupInstance (0ms)
			ReleaseScriptingObjects (0ms)
			CreateAndSetChildDomain (33ms)
		EndReloadAssembly (769ms)
			LoadAssemblies (96ms)
			RebuildTransferFunctionScriptingTraits (0ms)
			SetupTypeCache (269ms)
			ReleaseScriptCaches (1ms)
			RebuildScriptCaches (43ms)
			SetupLoadedEditorAssemblies (281ms)
				LogAssemblyErrors (0ms)
				InitializePlatformSupportModulesInManaged (5ms)
				SetLoadedEditorAssemblies (0ms)
				RefreshPlugins (1ms)
				BeforeProcessingInitializeOnLoad (73ms)
				ProcessInitializeOnLoadAttributes (194ms)
				ProcessInitializeOnLoadMethodAttributes (6ms)
				AfterProcessingInitializeOnLoad (2ms)
				EditorAssembliesLoaded (0ms)
			ExecutionOrderSort2 (0ms)
			AwakeInstancesAfterBackupRestoration (9ms)
Platform modules already initialized, skipping
Refreshing native plugins compatible for Editor in 0.55 ms, found 3 plugins.
Preloading 0 native plugins for Editor in 0.00 ms.
Unloading 2249 Unused Serialized files (Serialized files now loaded: 0)
System memory in use before: 105.1 MB.
System memory in use after: 104.9 MB.

Unloading 18 unused Assets to reduce memory usage. Loaded Objects now: 2752.
Total: 4.067200 ms (FindLiveObjects: 0.282400 ms CreateObjectMapping: 0.118900 ms MarkObjects: 3.333500 ms  DeleteObjects: 0.330200 ms)

AssetImportParameters requested are different than current active one (requested -> active):
  custom:framework-win-MediaFoundation: 216162199b28c13a410421893ffa2e32 -> 
  custom:video-decoder-ogg-theora: a1e56fd34408186e4bbccfd4996cb3dc -> 
  custom:container-muxer-webm: aa71ff27fc2769a1b78a27578f13a17b -> 
  custom:container-demuxer-webm: 4f35f7cbe854078d1ac9338744f61a02 -> 
  custom:container-demuxer-ogg: 62fdf1f143b41e24485cea50d1cbac27 -> 
  custom:video-encoder-webm-vp8: eb34c28f22e8b96e1ab97ce403110664 -> 
  custom:video-codec-MediaFoundation-h265: 746d11721c4dcdbdad8f713fa42b33f4 -> 
  custom:video-decoder-webm-vp8: 9c59270c3fd7afecdb556c50c9e8de78 -> 
  custom:audio-decoder-ogg-vorbis: bf7c407c2cedff20999df2af8eb42d56 -> 
  custom:audio-encoder-webm-vorbis: bf7c407c2cedff20999df2af8eb42d56 -> 
========================================================================
Received Import Request.
  Time since last request: 50.024177 seconds.
  path: Assets/Scripts/Loading/LevelLoader.cs
  artifactKey: Guid(2cd9a4d43e368f64c810d600623a2183) Importer(815301076,1909f56bfc062723c751e8b465ee728b)
Start importing Assets/Scripts/Loading/LevelLoader.cs using Guid(2cd9a4d43e368f64c810d600623a2183) Importer(815301076,1909f56bfc062723c751e8b465ee728b)  -> (artifact id: '7b17cff1e2a746eb542f31dcdb66c022') in 0.011334 seconds 
  Import took 0.015498 seconds .

========================================================================
Received Prepare
Registering precompiled user dll's ...
Registered in 0.003372 seconds.
Begin MonoManager ReloadAssembly
Native extension for WindowsStandalone target not found
Refreshing native plugins compatible for Editor in 0.56 ms, found 3 plugins.
Preloading 0 native plugins for Editor in 0.00 ms.
[ScriptCompilation] NOT recompiling all scripts because this is an import worker process. Reason to compile was: Define symbols changed
Mono: successfully reloaded assembly
- Completed reload, in  0.967 seconds
Domain Reload Profiling:
	ReloadAssembly (968ms)
		BeginReloadAssembly (147ms)
			ExecutionOrderSort (0ms)
			DisableScriptedObjects (6ms)
			BackupInstance (0ms)
			ReleaseScriptingObjects (0ms)
			CreateAndSetChildDomain (49ms)
		EndReloadAssembly (765ms)
			LoadAssemblies (99ms)
			RebuildTransferFunctionScriptingTraits (0ms)
			SetupTypeCache (270ms)
			ReleaseScriptCaches (1ms)
			RebuildScriptCaches (41ms)
			SetupLoadedEditorAssemblies (272ms)
				LogAssemblyErrors (0ms)
				InitializePlatformSupportModulesInManaged (4ms)
				SetLoadedEditorAssemblies (1ms)
				RefreshPlugins (1ms)
				BeforeProcessingInitializeOnLoad (69ms)
				ProcessInitializeOnLoadAttributes (190ms)
				ProcessInitializeOnLoadMethodAttributes (5ms)
				AfterProcessingInitializeOnLoad (2ms)
				EditorAssembliesLoaded (0ms)
			ExecutionOrderSort2 (0ms)
			AwakeInstancesAfterBackupRestoration (10ms)
Platform modules already initialized, skipping
Refreshing native plugins compatible for Editor in 0.55 ms, found 3 plugins.
Preloading 0 native plugins for Editor in 0.00 ms.
Unloading 2250 Unused Serialized files (Serialized files now loaded: 0)
System memory in use before: 105.2 MB.
System memory in use after: 105.1 MB.

Unloading 18 unused Assets to reduce memory usage. Loaded Objects now: 2756.
Total: 3.412600 ms (FindLiveObjects: 0.249800 ms CreateObjectMapping: 0.060800 ms MarkObjects: 2.770600 ms  DeleteObjects: 0.330000 ms)

AssetImportParameters requested are different than current active one (requested -> active):
  custom:framework-win-MediaFoundation: 216162199b28c13a410421893ffa2e32 -> 
  custom:video-decoder-ogg-theora: a1e56fd34408186e4bbccfd4996cb3dc -> 
  custom:container-muxer-webm: aa71ff27fc2769a1b78a27578f13a17b -> 
  custom:container-demuxer-webm: 4f35f7cbe854078d1ac9338744f61a02 -> 
  custom:container-demuxer-ogg: 62fdf1f143b41e24485cea50d1cbac27 -> 
  custom:video-encoder-webm-vp8: eb34c28f22e8b96e1ab97ce403110664 -> 
  custom:video-codec-MediaFoundation-h265: 746d11721c4dcdbdad8f713fa42b33f4 -> 
  custom:video-decoder-webm-vp8: 9c59270c3fd7afecdb556c50c9e8de78 -> 
  custom:audio-decoder-ogg-vorbis: bf7c407c2cedff20999df2af8eb42d56 -> 
  custom:audio-encoder-webm-vorbis: bf7c407c2cedff20999df2af8eb42d56 -> 
========================================================================
Received Import Request.
  Time since last request: 66.049919 seconds.
  path: Assets/Scripts/Loading/LevelLoader.cs
  artifactKey: Guid(2cd9a4d43e368f64c810d600623a2183) Importer(815301076,1909f56bfc062723c751e8b465ee728b)
Start importing Assets/Scripts/Loading/LevelLoader.cs using Guid(2cd9a4d43e368f64c810d600623a2183) Importer(815301076,1909f56bfc062723c751e8b465ee728b)  -> (artifact id: '3aaac6d5c25afa6e39f360445f77dabd') in 0.006548 seconds 
  Import took 0.010328 seconds .

========================================================================
Received Import Request.
  Time since last request: 49.469805 seconds.
  path: Assets/Plugins
  artifactKey: Guid(6008db40391294146b65aa50e5d7b2dc) Importer(815301076,1909f56bfc062723c751e8b465ee728b)
Start importing Assets/Plugins using Guid(6008db40391294146b65aa50e5d7b2dc) Importer(815301076,1909f56bfc062723c751e8b465ee728b)  -> (artifact id: '11871fa527194f60854d241c3fa076ea') in 0.008006 seconds 
  Import took 0.012187 seconds .

========================================================================
Received Import Request.
  Time since last request: 1.028788 seconds.
  path: Assets/Plugins/LD Template
  artifactKey: Guid(e30d25f2c0e84b84692bacf9eac2525b) Importer(815301076,1909f56bfc062723c751e8b465ee728b)
Start importing Assets/Plugins/LD Template using Guid(e30d25f2c0e84b84692bacf9eac2525b) Importer(815301076,1909f56bfc062723c751e8b465ee728b)  -> (artifact id: '2a17f0e65d222fbf8612049511f3d0a7') in 0.021043 seconds 
  Import took 0.024990 seconds .

========================================================================
Received Import Request.
  Time since last request: 1.048179 seconds.
  path: Assets/Plugins/LD Template/Prefabs
  artifactKey: Guid(29e4f06faf16e5a4780401fcf27621ec) Importer(815301076,1909f56bfc062723c751e8b465ee728b)
Start importing Assets/Plugins/LD Template/Prefabs using Guid(29e4f06faf16e5a4780401fcf27621ec) Importer(815301076,1909f56bfc062723c751e8b465ee728b)  -> (artifact id: 'd5dec3dbcb1402ec9e0854498b698f74') in 0.003464 seconds 
  Import took 0.007554 seconds .

========================================================================
Received Import Request.
  Time since last request: 0.072864 seconds.
  path: Assets/Plugins/LD Template/Prefabs/Logo.prefab
  artifactKey: Guid(9bee71ce39a89a94aa61eb4b4fd4d325) Importer(815301076,1909f56bfc062723c751e8b465ee728b)
Start importing Assets/Plugins/LD Template/Prefabs/Logo.prefab using Guid(9bee71ce39a89a94aa61eb4b4fd4d325) Importer(815301076,1909f56bfc062723c751e8b465ee728b)  -> (artifact id: '52df85da82c3156f8c09efa01fbdfcf3') in 0.043750 seconds 
  Import took 0.047684 seconds .

========================================================================
Received Import Request.
  Time since last request: 2.109160 seconds.
  path: Assets/Plugins/LD Template/Scripts
  artifactKey: Guid(970c5316e277d0d4fb01eda6ac5fe7f7) Importer(815301076,1909f56bfc062723c751e8b465ee728b)
Start importing Assets/Plugins/LD Template/Scripts using Guid(970c5316e277d0d4fb01eda6ac5fe7f7) Importer(815301076,1909f56bfc062723c751e8b465ee728b)  -> (artifact id: '9eaf603951cad7a0fa2a4482d47744ee') in 0.003747 seconds 
  Import took 0.256081 seconds .

========================================================================
Received Import Request.
  Time since last request: 1.498123 seconds.
  path: Assets/Plugins/LD Template/Scripts/Interaction
  artifactKey: Guid(6cc794fd0770b8e4dada4091094d9252) Importer(815301076,1909f56bfc062723c751e8b465ee728b)
Start importing Assets/Plugins/LD Template/Scripts/Interaction using Guid(6cc794fd0770b8e4dada4091094d9252) Importer(815301076,1909f56bfc062723c751e8b465ee728b)  -> (artifact id: '62bcc7a5c8f80f24e36e70798dcd2453') in 0.009179 seconds 
  Import took 0.014545 seconds .

========================================================================
Received Import Request.
  Time since last request: 3.706910 seconds.
  path: Assets/Plugins/LD Template/Scripts/UI
  artifactKey: Guid(1be3515f0741819428dbc6c9648d625b) Importer(815301076,1909f56bfc062723c751e8b465ee728b)
Start importing Assets/Plugins/LD Template/Scripts/UI using Guid(1be3515f0741819428dbc6c9648d625b) Importer(815301076,1909f56bfc062723c751e8b465ee728b)  -> (artifact id: '4c06181bec0e6ba85800e8baae363cc0') in 0.010252 seconds 
  Import took 0.014169 seconds .

========================================================================
Received Import Request.
  Time since last request: 0.641987 seconds.
  path: Assets/Plugins/LD Template/Scripts/Utility
  artifactKey: Guid(be2cdcbd47d3c0a4ca419401189ce68b) Importer(815301076,1909f56bfc062723c751e8b465ee728b)
Start importing Assets/Plugins/LD Template/Scripts/Utility using Guid(be2cdcbd47d3c0a4ca419401189ce68b) Importer(815301076,1909f56bfc062723c751e8b465ee728b)  -> (artifact id: '39763cf4ffaa2d41891f8f704d896587') in 0.008814 seconds 
  Import took 0.013203 seconds .

========================================================================
Received Import Request.
  Time since last request: 1.161543 seconds.
  path: Assets/Plugins/LD Template/Scripts/Utility/ExtraFunctions.cs
  artifactKey: Guid(307649a6ca1bf97499bbe22758a65ec6) Importer(815301076,1909f56bfc062723c751e8b465ee728b)
Start importing Assets/Plugins/LD Template/Scripts/Utility/ExtraFunctions.cs using Guid(307649a6ca1bf97499bbe22758a65ec6) Importer(815301076,1909f56bfc062723c751e8b465ee728b)  -> (artifact id: 'd4662c2df2083669678f7c39aba69a0c') in 0.010196 seconds 
  Import took 0.014893 seconds .

========================================================================
Received Import Request.
  Time since last request: 3.978888 seconds.
  path: Assets/Plugins/LD Template/Scripts/Utility/ExtraFunctions.cs
  artifactKey: Guid(307649a6ca1bf97499bbe22758a65ec6) Importer(815301076,1909f56bfc062723c751e8b465ee728b)
Start importing Assets/Plugins/LD Template/Scripts/Utility/ExtraFunctions.cs using Guid(307649a6ca1bf97499bbe22758a65ec6) Importer(815301076,1909f56bfc062723c751e8b465ee728b)  -> (artifact id: '72fa1ac1903fe07a78daf2d577afc232') in 0.002843 seconds 
  Import took 0.007280 seconds .

========================================================================
Received Import Request.
  Time since last request: 56.590936 seconds.
  path: Assets/Plugins/LD Template/Scripts/Utility/TimedEvent.cs
  artifactKey: Guid(e3d673269135260489e9daabfc1e4c4a) Importer(815301076,1909f56bfc062723c751e8b465ee728b)
Start importing Assets/Plugins/LD Template/Scripts/Utility/TimedEvent.cs using Guid(e3d673269135260489e9daabfc1e4c4a) Importer(815301076,1909f56bfc062723c751e8b465ee728b)  -> (artifact id: '0783a0ab91dbcd4d712ab26589135328') in 0.007166 seconds 
  Import took 0.010591 seconds .

========================================================================
Received Import Request.
  Time since last request: 9.277543 seconds.
  path: Assets/Plugins/LD Template/Scripts/Utility/TimedEvent.cs
  artifactKey: Guid(e3d673269135260489e9daabfc1e4c4a) Importer(815301076,1909f56bfc062723c751e8b465ee728b)
Start importing Assets/Plugins/LD Template/Scripts/Utility/TimedEvent.cs using Guid(e3d673269135260489e9daabfc1e4c4a) Importer(815301076,1909f56bfc062723c751e8b465ee728b)  -> (artifact id: '14502dc20d5cca5377d8b380e48e386e') in 0.002916 seconds 
  Import took 0.006814 seconds .

========================================================================
Received Prepare
Registering precompiled user dll's ...
Registered in 0.003963 seconds.
Begin MonoManager ReloadAssembly
Native extension for WindowsStandalone target not found
Refreshing native plugins compatible for Editor in 0.59 ms, found 3 plugins.
Preloading 0 native plugins for Editor in 0.00 ms.
[ScriptCompilation] NOT recompiling all scripts because this is an import worker process. Reason to compile was: Define symbols changed
Mono: successfully reloaded assembly
- Completed reload, in  0.949 seconds
Domain Reload Profiling:
	ReloadAssembly (950ms)
		BeginReloadAssembly (116ms)
			ExecutionOrderSort (0ms)
			DisableScriptedObjects (5ms)
			BackupInstance (0ms)
			ReleaseScriptingObjects (0ms)
			CreateAndSetChildDomain (34ms)
		EndReloadAssembly (780ms)
			LoadAssemblies (101ms)
			RebuildTransferFunctionScriptingTraits (0ms)
			SetupTypeCache (276ms)
			ReleaseScriptCaches (1ms)
			RebuildScriptCaches (41ms)
			SetupLoadedEditorAssemblies (279ms)
				LogAssemblyErrors (0ms)
				InitializePlatformSupportModulesInManaged (5ms)
				SetLoadedEditorAssemblies (0ms)
				RefreshPlugins (1ms)
				BeforeProcessingInitializeOnLoad (67ms)
				ProcessInitializeOnLoadAttributes (198ms)
				ProcessInitializeOnLoadMethodAttributes (5ms)
				AfterProcessingInitializeOnLoad (2ms)
				EditorAssembliesLoaded (0ms)
			ExecutionOrderSort2 (0ms)
			AwakeInstancesAfterBackupRestoration (10ms)
Platform modules already initialized, skipping
Refreshing native plugins compatible for Editor in 0.57 ms, found 3 plugins.
Preloading 0 native plugins for Editor in 0.00 ms.
Unloading 2251 Unused Serialized files (Serialized files now loaded: 0)
System memory in use before: 105.3 MB.
System memory in use after: 105.1 MB.

Unloading 18 unused Assets to reduce memory usage. Loaded Objects now: 2760.
Total: 4.366300 ms (FindLiveObjects: 0.329600 ms CreateObjectMapping: 0.113200 ms MarkObjects: 3.566200 ms  DeleteObjects: 0.355600 ms)

AssetImportParameters requested are different than current active one (requested -> active):
  custom:framework-win-MediaFoundation: 216162199b28c13a410421893ffa2e32 -> 
  custom:video-decoder-ogg-theora: a1e56fd34408186e4bbccfd4996cb3dc -> 
  custom:container-muxer-webm: aa71ff27fc2769a1b78a27578f13a17b -> 
  custom:container-demuxer-webm: 4f35f7cbe854078d1ac9338744f61a02 -> 
  custom:container-demuxer-ogg: 62fdf1f143b41e24485cea50d1cbac27 -> 
  custom:video-encoder-webm-vp8: eb34c28f22e8b96e1ab97ce403110664 -> 
  custom:video-codec-MediaFoundation-h265: 746d11721c4dcdbdad8f713fa42b33f4 -> 
  custom:video-decoder-webm-vp8: 9c59270c3fd7afecdb556c50c9e8de78 -> 
  custom:audio-decoder-ogg-vorbis: bf7c407c2cedff20999df2af8eb42d56 -> 
  custom:audio-encoder-webm-vorbis: bf7c407c2cedff20999df2af8eb42d56 -> 
========================================================================
Received Import Request.
  Time since last request: 165.175783 seconds.
  path: Assets/Scenes
  artifactKey: Guid(4c4a2153416c99640b7b631f50d360b6) Importer(815301076,1909f56bfc062723c751e8b465ee728b)
Start importing Assets/Scenes using Guid(4c4a2153416c99640b7b631f50d360b6) Importer(815301076,1909f56bfc062723c751e8b465ee728b)  -> (artifact id: 'a42d04da86b8f278c3236093cbbef78b') in 0.011170 seconds 
  Import took 0.015226 seconds .

========================================================================
Received Import Request.
  Time since last request: 1.117773 seconds.
  path: Assets/Scenes/Main Menu.unity
  artifactKey: Guid(d3129d88a62858345a88b4e96fc1d8d7) Importer(815301076,1909f56bfc062723c751e8b465ee728b)
Start importing Assets/Scenes/Main Menu.unity using Guid(d3129d88a62858345a88b4e96fc1d8d7) Importer(815301076,1909f56bfc062723c751e8b465ee728b)  -> (artifact id: 'fd2073454a8254d9a18ce31f7d47314b') in 0.014695 seconds 
  Import took 0.019057 seconds .

========================================================================
Received Import Request.
  Time since last request: 2.976317 seconds.
  path: Assets/Scenes/Menu.unity
  artifactKey: Guid(d3129d88a62858345a88b4e96fc1d8d7) Importer(815301076,1909f56bfc062723c751e8b465ee728b)
Start importing Assets/Scenes/Menu.unity using Guid(d3129d88a62858345a88b4e96fc1d8d7) Importer(815301076,1909f56bfc062723c751e8b465ee728b)  -> (artifact id: 'ff24de9412ce29159d99048fd7483013') in 0.008071 seconds 
  Import took 0.011826 seconds .

========================================================================
Received Import Request.
  Time since last request: 0.669573 seconds.
  path: Assets/Scenes/SampleScene.unity
  artifactKey: Guid(2cda990e2423bbf4892e6590ba056729) Importer(815301076,1909f56bfc062723c751e8b465ee728b)
Start importing Assets/Scenes/SampleScene.unity using Guid(2cda990e2423bbf4892e6590ba056729) Importer(815301076,1909f56bfc062723c751e8b465ee728b)  -> (artifact id: 'aa27944bdea339c97c39027c7eea529c') in 0.007724 seconds 
  Import took 0.011987 seconds .

AssetImportWorkerClient::OnTransportError - code=2 error=End of file
